2024-06-12T17:01:11  refactor: simplify helper
2024-07-14T12:18:18  chore: routine maintenance
2024-07-22T19:35:25  docs: clarify usage notes
2024-08-24T14:52:32  test: add edge case
2024-09-25T09:09:39  refactor: tidy internals
2024-10-04T16:26:46  fix: handle empty input gracefully
2024-11-12T11:43:53  perf: micro-optimization
2024-11-21T18:00:00  style: formatting
2024-12-23T13:17:07  chore: bump dev tooling
2025-01-25T08:34:14  docs: expand examples
2025-02-02T15:51:21  test: strengthen coverage
2025-03-07T10:08:28  chore: tune defaults
2025-03-22T17:25:35  refactor: simplify helper
2025-04-24T12:42:42  chore: routine maintenance
2025-05-26T19:59:49  docs: clarify usage notes
2025-06-04T14:16:56  test: add edge case
2025-07-06T09:33:03  refactor: tidy internals
2025-07-21T16:50:10  fix: handle empty input gracefully
2025-08-23T11:07:17  perf: micro-optimization
2025-09-24T18:24:24  style: formatting
